
                *****************************************************
                *                                                   *
                *         ****  U.S. GEOLOGICAL SURVEY  ****        *
                *                                                   *
                *           **** WTAQ: PROGRAM OUTPUT ****          *
                *                                                   *
                *     COMPUTER PROGRAM FOR CALCULATING DRAWDOWN     *
                *                                                   *
                *     IN A CONFINED OR WATER-TABLE AQUIFER WITH     *
                *                                                   *
                *       AXIAL-SYMMETRIC FLOW TO A FINITE- OR        *
                *                                                   *
                *        INFINITESIMAL-DIAMETER PUMPED WELL         *
                *                                                   *
                *              VERSION 2.1, JUNE 2012              *
                *                                                   *
                *****************************************************


   Kf: 0.00070 m/s, 1 Förderbrunnen: 250 m3/h (= 2.2 Mio. m³/a)		      


   DIMENSIONAL FORMAT              WATER-TABLE AQUIFER 



               *** AQUIFER HYDRAULIC PROPERTIES ***

   SATURATED THICKNESS (BB):            0.400D+02 (units of length)
   HORIZONTAL HYDRAULIC
    CONDUCTIVITY (HKR):                 0.100D-02 (units of length per time)
   VERTICAL HYDRAULIC
    CONDUCTIVITY (HKZ):                 0.100D-03 (units of length per time)
   RATIO OF VERTICAL TO HORIZONTAL
    HYDRAULIC CONDUCTIVITY (XKD):       0.100D+00 (dimensionless)
   CALCULATED TRANSMISSIVITY:           0.400D-01 (units of length squared
                                                   per time)
   SPECIFIC STORAGE (SS):               0.100D-03 (units of inverse length)
   SPECIFIC YIELD (SY):                 0.200D+00 (dimensionless)
   CALCULATED STORATIVITY:              0.400D-02 (dimensionless)
   RATIO OF STORATIVITY TO
    SPECIFIC YIELD (SIGMA):             0.200D-01 (dimensionless)
   DRAINAGE AT WATER TABLE (IDRA):      0 (instantaneous)



                *** PROGRAM SOLUTION VARIABLES  ***

    LARGEST VALUE       NUMBER OF       DRAWDOWN CALCULATIONS
   OF TIME (TLAST)    LOG CYCLES (NLC)    PER LOG CYCLE (NOX)
   ------------------------------------------------------------
       0.100D+10            8                   9


   SOLUTION USING DE HOOG ALGORITHM: 

     RERRNR       ERROR         NTMS        NNN     METHOD
   --------------------------------------------------------
    0.100D-09    0.100D-03       30           6       3



   *** PUMPED-WELL CHARACTERISTICS AND CALCULATED DRAWDOWN ***

   WELL-DIAMETER TYPE (IPWD):           0 (infinitesimal diameter)
   SCREENED INTERVAL (IPWS):            0 (partially penetrating)
   PUMPING RATE OF WELL (QQ):           0.278D-01 (cubic length per time)

                   SCREENED INTERVAL    WELL BORE   WELL BORE
    WELL RADIUS      ZPD      ZPL        STORAGE      SKIN
   ----------------------------------------------------------
     0.50D+00     0.00D+00  0.40D+02    0.00D+00    0.00D+00


   BETAW =    0.156D-04

                                                RELATIVE
                  MEASURED      CALCULATED       ERROR
      TIME        DRAWDOWN       DRAWDOWN       (PERCENT)
      ----       ----------     ----------     ---------- 
  0.1000D+02     0.0000D+00     0.3677D+00        ****
  0.1292D+02     0.0000D+00     0.3804D+00        ****
  0.1668D+02     0.0000D+00     0.3930D+00        ****
  0.2154D+02     0.0000D+00     0.4054D+00        ****
  0.2783D+02     0.0000D+00     0.4175D+00        ****
  0.3594D+02     0.0000D+00     0.4294D+00        ****
  0.4642D+02     0.0000D+00     0.4411D+00        ****
  0.5995D+02     0.0000D+00     0.4524D+00        ****
  0.7743D+02     0.0000D+00     0.4633D+00        ****
  0.1000D+03     0.0000D+00     0.4738D+00        ****
  0.1292D+03     0.0000D+00     0.4839D+00        ****
  0.1668D+03     0.0000D+00     0.4934D+00        ****
  0.2154D+03     0.0000D+00     0.5023D+00        ****
  0.2783D+03     0.0000D+00     0.5106D+00        ****
  0.3594D+03     0.0000D+00     0.5181D+00        ****
  0.4642D+03     0.0000D+00     0.5248D+00        ****
  0.5995D+03     0.0000D+00     0.5306D+00        ****
  0.7743D+03     0.0000D+00     0.5355D+00        ****
  0.1000D+04     0.0000D+00     0.5397D+00        ****
  0.1292D+04     0.0000D+00     0.5431D+00        ****
  0.1668D+04     0.0000D+00     0.5461D+00        ****
  0.2154D+04     0.0000D+00     0.5490D+00        ****
  0.2783D+04     0.0000D+00     0.5519D+00        ****
  0.3594D+04     0.0000D+00     0.5552D+00        ****
  0.4642D+04     0.0000D+00     0.5591D+00        ****
  0.5995D+04     0.0000D+00     0.5636D+00        ****
  0.7743D+04     0.0000D+00     0.5689D+00        ****
  0.1000D+05     0.0000D+00     0.5750D+00        ****
  0.1292D+05     0.0000D+00     0.5820D+00        ****
  0.1668D+05     0.0000D+00     0.5899D+00        ****
  0.2154D+05     0.0000D+00     0.5988D+00        ****
  0.2783D+05     0.0000D+00     0.6087D+00        ****
  0.3594D+05     0.0000D+00     0.6194D+00        ****
  0.4642D+05     0.0000D+00     0.6310D+00        ****
  0.5995D+05     0.0000D+00     0.6433D+00        ****
  0.7743D+05     0.0000D+00     0.6561D+00        ****
  0.1000D+06     0.0000D+00     0.6694D+00        ****
  0.1292D+06     0.0000D+00     0.6831D+00        ****
  0.1668D+06     0.0000D+00     0.6969D+00        ****
  0.2154D+06     0.0000D+00     0.7109D+00        ****
  0.2783D+06     0.0000D+00     0.7249D+00        ****
  0.3594D+06     0.0000D+00     0.7390D+00        ****
  0.4642D+06     0.0000D+00     0.7531D+00        ****
  0.5995D+06     0.0000D+00     0.7673D+00        ****
  0.7743D+06     0.0000D+00     0.7814D+00        ****
  0.1000D+07     0.0000D+00     0.7955D+00        ****
  0.1292D+07     0.0000D+00     0.8097D+00        ****
  0.1668D+07     0.0000D+00     0.8238D+00        ****
  0.2154D+07     0.0000D+00     0.8380D+00        ****
  0.2783D+07     0.0000D+00     0.8521D+00        ****
  0.3594D+07     0.0000D+00     0.8663D+00        ****
  0.4642D+07     0.0000D+00     0.8805D+00        ****
  0.5995D+07     0.0000D+00     0.8946D+00        ****
  0.7743D+07     0.0000D+00     0.9088D+00        ****
  0.1000D+08     0.0000D+00     0.9229D+00        ****
  0.1292D+08     0.0000D+00     0.9371D+00        ****
  0.1668D+08     0.0000D+00     0.9512D+00        ****
  0.2154D+08     0.0000D+00     0.9654D+00        ****
  0.2783D+08     0.0000D+00     0.9795D+00        ****
  0.3594D+08     0.0000D+00     0.9937D+00        ****
  0.4642D+08     0.0000D+00     0.1008D+01        ****
  0.5995D+08     0.0000D+00     0.1022D+01        ****
  0.7743D+08     0.0000D+00     0.1036D+01        ****
  0.1000D+09     0.0000D+00     0.1050D+01        ****
  0.1292D+09     0.0000D+00     0.1064D+01        ****
  0.1668D+09     0.0000D+00     0.1079D+01        ****
  0.2154D+09     0.0000D+00     0.1093D+01        ****
  0.2783D+09     0.0000D+00     0.1107D+01        ****
  0.3594D+09     0.0000D+00     0.1121D+01        ****
  0.4642D+09     0.0000D+00     0.1135D+01        ****
  0.5995D+09     0.0000D+00     0.1149D+01        ****
  0.7743D+09     0.0000D+00     0.1163D+01        ****
  0.1000D+10     0.0000D+00     0.1178D+01        ****



 *** OBSERVATION-WELL CHARACTERISTICS AND CALCULATED DRAWDOWN ***



                OBSERVATION WELL OR PIEZOMETER: 1         


   OBSERVATION PIEZOMETER


   DISTANCE FROM
     CENTER OF                DELAYED RESPONSE
    PUMPED WELL        ZP          FACTOR
   -------------------------------------------
     0.100D+01     0.300D+01     0.129D+03


   DRAWDOWN CALCULATED FOR BETA =    0.625D-04

                                                RELATIVE
                  MEASURED      CALCULATED       ERROR
      TIME        DRAWDOWN       DRAWDOWN       (PERCENT)
      ----       ----------     ----------     ---------- 
  0.1000D+02     0.0000D+00     0.2435D+00        ****
  0.1292D+02     0.0000D+00     0.2611D+00        ****
  0.1668D+02     0.0000D+00     0.2737D+00        ****
  0.2154D+02     0.0000D+00     0.2826D+00        ****
  0.2783D+02     0.0000D+00     0.2891D+00        ****
  0.3594D+02     0.0000D+00     0.2943D+00        ****
  0.4642D+02     0.0000D+00     0.2987D+00        ****
  0.5995D+02     0.0000D+00     0.3025D+00        ****
  0.7743D+02     0.0000D+00     0.3058D+00        ****
  0.1000D+03     0.0000D+00     0.3089D+00        ****
  0.1292D+03     0.0000D+00     0.3117D+00        ****
  0.1668D+03     0.0000D+00     0.3143D+00        ****
  0.2154D+03     0.0000D+00     0.3168D+00        ****
  0.2783D+03     0.0000D+00     0.3194D+00        ****
  0.3594D+03     0.0000D+00     0.3220D+00        ****
  0.4642D+03     0.0000D+00     0.3248D+00        ****
  0.5995D+03     0.0000D+00     0.3278D+00        ****
  0.7743D+03     0.0000D+00     0.3311D+00        ****
  0.1000D+04     0.0000D+00     0.3349D+00        ****
  0.1292D+04     0.0000D+00     0.3395D+00        ****
  0.1668D+04     0.0000D+00     0.3450D+00        ****
  0.2154D+04     0.0000D+00     0.3513D+00        ****
  0.2783D+04     0.0000D+00     0.3590D+00        ****
  0.3594D+04     0.0000D+00     0.3680D+00        ****
  0.4642D+04     0.0000D+00     0.3785D+00        ****
  0.5995D+04     0.0000D+00     0.3905D+00        ****
  0.7743D+04     0.0000D+00     0.4041D+00        ****
  0.1000D+05     0.0000D+00     0.4191D+00        ****
  0.1292D+05     0.0000D+00     0.4353D+00        ****
  0.1668D+05     0.0000D+00     0.4525D+00        ****
  0.2154D+05     0.0000D+00     0.4704D+00        ****
  0.2783D+05     0.0000D+00     0.4889D+00        ****
  0.3594D+05     0.0000D+00     0.5075D+00        ****
  0.4642D+05     0.0000D+00     0.5260D+00        ****
  0.5995D+05     0.0000D+00     0.5443D+00        ****
  0.7743D+05     0.0000D+00     0.5621D+00        ****
  0.1000D+06     0.0000D+00     0.5795D+00        ****
  0.1292D+06     0.0000D+00     0.5962D+00        ****
  0.1668D+06     0.0000D+00     0.6125D+00        ****
  0.2154D+06     0.0000D+00     0.6283D+00        ****
  0.2783D+06     0.0000D+00     0.6438D+00        ****
  0.3594D+06     0.0000D+00     0.6589D+00        ****
  0.4642D+06     0.0000D+00     0.6738D+00        ****
  0.5995D+06     0.0000D+00     0.6886D+00        ****
  0.7743D+06     0.0000D+00     0.7032D+00        ****
  0.1000D+07     0.0000D+00     0.7177D+00        ****
  0.1292D+07     0.0000D+00     0.7321D+00        ****
  0.1668D+07     0.0000D+00     0.7465D+00        ****
  0.2154D+07     0.0000D+00     0.7608D+00        ****
  0.2783D+07     0.0000D+00     0.7750D+00        ****
  0.3594D+07     0.0000D+00     0.7893D+00        ****
  0.4642D+07     0.0000D+00     0.8035D+00        ****
  0.5995D+07     0.0000D+00     0.8177D+00        ****
  0.7743D+07     0.0000D+00     0.8319D+00        ****
  0.1000D+08     0.0000D+00     0.8461D+00        ****
  0.1292D+08     0.0000D+00     0.8603D+00        ****
  0.1668D+08     0.0000D+00     0.8745D+00        ****
  0.2154D+08     0.0000D+00     0.8886D+00        ****
  0.2783D+08     0.0000D+00     0.9028D+00        ****
  0.3594D+08     0.0000D+00     0.9170D+00        ****
  0.4642D+08     0.0000D+00     0.9311D+00        ****
  0.5995D+08     0.0000D+00     0.9453D+00        ****
  0.7743D+08     0.0000D+00     0.9594D+00        ****
  0.1000D+09     0.0000D+00     0.9736D+00        ****
  0.1292D+09     0.0000D+00     0.9877D+00        ****
  0.1668D+09     0.0000D+00     0.1002D+01        ****
  0.2154D+09     0.0000D+00     0.1016D+01        ****
  0.2783D+09     0.0000D+00     0.1030D+01        ****
  0.3594D+09     0.0000D+00     0.1044D+01        ****
  0.4642D+09     0.0000D+00     0.1059D+01        ****
  0.5995D+09     0.0000D+00     0.1073D+01        ****
  0.7743D+09     0.0000D+00     0.1087D+01        ****
  0.1000D+10     0.0000D+00     0.1101D+01        ****


                OBSERVATION WELL OR PIEZOMETER: 2         


   OBSERVATION PIEZOMETER


   DISTANCE FROM
     CENTER OF                DELAYED RESPONSE
    PUMPED WELL        ZP          FACTOR
   -------------------------------------------
     0.200D+01     0.300D+01     0.129D+03


   DRAWDOWN CALCULATED FOR BETA =    0.250D-03

                                                RELATIVE
                  MEASURED      CALCULATED       ERROR
      TIME        DRAWDOWN       DRAWDOWN       (PERCENT)
      ----       ----------     ----------     ---------- 
  0.1000D+02     0.0000D+00     0.1715D+00        ****
  0.1292D+02     0.0000D+00     0.1869D+00        ****
  0.1668D+02     0.0000D+00     0.1984D+00        ****
  0.2154D+02     0.0000D+00     0.2069D+00        ****
  0.2783D+02     0.0000D+00     0.2133D+00        ****
  0.3594D+02     0.0000D+00     0.2185D+00        ****
  0.4642D+02     0.0000D+00     0.2229D+00        ****
  0.5995D+02     0.0000D+00     0.2266D+00        ****
  0.7743D+02     0.0000D+00     0.2300D+00        ****
  0.1000D+03     0.0000D+00     0.2330D+00        ****
  0.1292D+03     0.0000D+00     0.2358D+00        ****
  0.1668D+03     0.0000D+00     0.2383D+00        ****
  0.2154D+03     0.0000D+00     0.2409D+00        ****
  0.2783D+03     0.0000D+00     0.2434D+00        ****
  0.3594D+03     0.0000D+00     0.2460D+00        ****
  0.4642D+03     0.0000D+00     0.2487D+00        ****
  0.5995D+03     0.0000D+00     0.2517D+00        ****
  0.7743D+03     0.0000D+00     0.2550D+00        ****
  0.1000D+04     0.0000D+00     0.2589D+00        ****
  0.1292D+04     0.0000D+00     0.2634D+00        ****
  0.1668D+04     0.0000D+00     0.2687D+00        ****
  0.2154D+04     0.0000D+00     0.2751D+00        ****
  0.2783D+04     0.0000D+00     0.2826D+00        ****
  0.3594D+04     0.0000D+00     0.2916D+00        ****
  0.4642D+04     0.0000D+00     0.3021D+00        ****
  0.5995D+04     0.0000D+00     0.3141D+00        ****
  0.7743D+04     0.0000D+00     0.3276D+00        ****
  0.1000D+05     0.0000D+00     0.3425D+00        ****
  0.1292D+05     0.0000D+00     0.3587D+00        ****
  0.1668D+05     0.0000D+00     0.3758D+00        ****
  0.2154D+05     0.0000D+00     0.3938D+00        ****
  0.2783D+05     0.0000D+00     0.4122D+00        ****
  0.3594D+05     0.0000D+00     0.4308D+00        ****
  0.4642D+05     0.0000D+00     0.4494D+00        ****
  0.5995D+05     0.0000D+00     0.4676D+00        ****
  0.7743D+05     0.0000D+00     0.4855D+00        ****
  0.1000D+06     0.0000D+00     0.5028D+00        ****
  0.1292D+06     0.0000D+00     0.5196D+00        ****
  0.1668D+06     0.0000D+00     0.5358D+00        ****
  0.2154D+06     0.0000D+00     0.5516D+00        ****
  0.2783D+06     0.0000D+00     0.5671D+00        ****
  0.3594D+06     0.0000D+00     0.5822D+00        ****
  0.4642D+06     0.0000D+00     0.5972D+00        ****
  0.5995D+06     0.0000D+00     0.6119D+00        ****
  0.7743D+06     0.0000D+00     0.6265D+00        ****
  0.1000D+07     0.0000D+00     0.6410D+00        ****
  0.1292D+07     0.0000D+00     0.6554D+00        ****
  0.1668D+07     0.0000D+00     0.6698D+00        ****
  0.2154D+07     0.0000D+00     0.6841D+00        ****
  0.2783D+07     0.0000D+00     0.6984D+00        ****
  0.3594D+07     0.0000D+00     0.7126D+00        ****
  0.4642D+07     0.0000D+00     0.7268D+00        ****
  0.5995D+07     0.0000D+00     0.7410D+00        ****
  0.7743D+07     0.0000D+00     0.7552D+00        ****
  0.1000D+08     0.0000D+00     0.7694D+00        ****
  0.1292D+08     0.0000D+00     0.7836D+00        ****
  0.1668D+08     0.0000D+00     0.7978D+00        ****
  0.2154D+08     0.0000D+00     0.8119D+00        ****
  0.2783D+08     0.0000D+00     0.8261D+00        ****
  0.3594D+08     0.0000D+00     0.8403D+00        ****
  0.4642D+08     0.0000D+00     0.8544D+00        ****
  0.5995D+08     0.0000D+00     0.8686D+00        ****
  0.7743D+08     0.0000D+00     0.8827D+00        ****
  0.1000D+09     0.0000D+00     0.8969D+00        ****
  0.1292D+09     0.0000D+00     0.9111D+00        ****
  0.1668D+09     0.0000D+00     0.9252D+00        ****
  0.2154D+09     0.0000D+00     0.9394D+00        ****
  0.2783D+09     0.0000D+00     0.9535D+00        ****
  0.3594D+09     0.0000D+00     0.9677D+00        ****
  0.4642D+09     0.0000D+00     0.9818D+00        ****
  0.5995D+09     0.0000D+00     0.9960D+00        ****
  0.7743D+09     0.0000D+00     0.1010D+01        ****
  0.1000D+10     0.0000D+00     0.1024D+01        ****


                OBSERVATION WELL OR PIEZOMETER: 5         


   OBSERVATION PIEZOMETER


   DISTANCE FROM
     CENTER OF                DELAYED RESPONSE
    PUMPED WELL        ZP          FACTOR
   -------------------------------------------
     0.500D+01     0.300D+01     0.129D+03


   DRAWDOWN CALCULATED FOR BETA =    0.156D-02

                                                RELATIVE
                  MEASURED      CALCULATED       ERROR
      TIME        DRAWDOWN       DRAWDOWN       (PERCENT)
      ----       ----------     ----------     ---------- 
  0.1000D+02     0.0000D+00     0.8240D-01        ****
  0.1292D+02     0.0000D+00     0.9420D-01        ****
  0.1668D+02     0.0000D+00     0.1039D+00        ****
  0.2154D+02     0.0000D+00     0.1116D+00        ****
  0.2783D+02     0.0000D+00     0.1177D+00        ****
  0.3594D+02     0.0000D+00     0.1228D+00        ****
  0.4642D+02     0.0000D+00     0.1271D+00        ****
  0.5995D+02     0.0000D+00     0.1308D+00        ****
  0.7743D+02     0.0000D+00     0.1341D+00        ****
  0.1000D+03     0.0000D+00     0.1370D+00        ****
  0.1292D+03     0.0000D+00     0.1397D+00        ****
  0.1668D+03     0.0000D+00     0.1422D+00        ****
  0.2154D+03     0.0000D+00     0.1447D+00        ****
  0.2783D+03     0.0000D+00     0.1471D+00        ****
  0.3594D+03     0.0000D+00     0.1496D+00        ****
  0.4642D+03     0.0000D+00     0.1522D+00        ****
  0.5995D+03     0.0000D+00     0.1550D+00        ****
  0.7743D+03     0.0000D+00     0.1581D+00        ****
  0.1000D+04     0.0000D+00     0.1617D+00        ****
  0.1292D+04     0.0000D+00     0.1659D+00        ****
  0.1668D+04     0.0000D+00     0.1709D+00        ****
  0.2154D+04     0.0000D+00     0.1769D+00        ****
  0.2783D+04     0.0000D+00     0.1841D+00        ****
  0.3594D+04     0.0000D+00     0.1926D+00        ****
  0.4642D+04     0.0000D+00     0.2026D+00        ****
  0.5995D+04     0.0000D+00     0.2142D+00        ****
  0.7743D+04     0.0000D+00     0.2274D+00        ****
  0.1000D+05     0.0000D+00     0.2420D+00        ****
  0.1292D+05     0.0000D+00     0.2579D+00        ****
  0.1668D+05     0.0000D+00     0.2749D+00        ****
  0.2154D+05     0.0000D+00     0.2927D+00        ****
  0.2783D+05     0.0000D+00     0.3110D+00        ****
  0.3594D+05     0.0000D+00     0.3296D+00        ****
  0.4642D+05     0.0000D+00     0.3481D+00        ****
  0.5995D+05     0.0000D+00     0.3663D+00        ****
  0.7743D+05     0.0000D+00     0.3841D+00        ****
  0.1000D+06     0.0000D+00     0.4014D+00        ****
  0.1292D+06     0.0000D+00     0.4182D+00        ****
  0.1668D+06     0.0000D+00     0.4345D+00        ****
  0.2154D+06     0.0000D+00     0.4503D+00        ****
  0.2783D+06     0.0000D+00     0.4657D+00        ****
  0.3594D+06     0.0000D+00     0.4809D+00        ****
  0.4642D+06     0.0000D+00     0.4958D+00        ****
  0.5995D+06     0.0000D+00     0.5105D+00        ****
  0.7743D+06     0.0000D+00     0.5251D+00        ****
  0.1000D+07     0.0000D+00     0.5396D+00        ****
  0.1292D+07     0.0000D+00     0.5541D+00        ****
  0.1668D+07     0.0000D+00     0.5684D+00        ****
  0.2154D+07     0.0000D+00     0.5827D+00        ****
  0.2783D+07     0.0000D+00     0.5970D+00        ****
  0.3594D+07     0.0000D+00     0.6112D+00        ****
  0.4642D+07     0.0000D+00     0.6255D+00        ****
  0.5995D+07     0.0000D+00     0.6397D+00        ****
  0.7743D+07     0.0000D+00     0.6539D+00        ****
  0.1000D+08     0.0000D+00     0.6681D+00        ****
  0.1292D+08     0.0000D+00     0.6822D+00        ****
  0.1668D+08     0.0000D+00     0.6964D+00        ****
  0.2154D+08     0.0000D+00     0.7106D+00        ****
  0.2783D+08     0.0000D+00     0.7247D+00        ****
  0.3594D+08     0.0000D+00     0.7389D+00        ****
  0.4642D+08     0.0000D+00     0.7531D+00        ****
  0.5995D+08     0.0000D+00     0.7672D+00        ****
  0.7743D+08     0.0000D+00     0.7814D+00        ****
  0.1000D+09     0.0000D+00     0.7955D+00        ****
  0.1292D+09     0.0000D+00     0.8097D+00        ****
  0.1668D+09     0.0000D+00     0.8238D+00        ****
  0.2154D+09     0.0000D+00     0.8380D+00        ****
  0.2783D+09     0.0000D+00     0.8521D+00        ****
  0.3594D+09     0.0000D+00     0.8663D+00        ****
  0.4642D+09     0.0000D+00     0.8805D+00        ****
  0.5995D+09     0.0000D+00     0.8946D+00        ****
  0.7743D+09     0.0000D+00     0.9088D+00        ****
  0.1000D+10     0.0000D+00     0.9229D+00        ****


                OBSERVATION WELL OR PIEZOMETER: 10        


   OBSERVATION PIEZOMETER


   DISTANCE FROM
     CENTER OF                DELAYED RESPONSE
    PUMPED WELL        ZP          FACTOR
   -------------------------------------------
     0.100D+02     0.300D+01     0.129D+03


   DRAWDOWN CALCULATED FOR BETA =    0.625D-02

                                                RELATIVE
                  MEASURED      CALCULATED       ERROR
      TIME        DRAWDOWN       DRAWDOWN       (PERCENT)
      ----       ----------     ----------     ---------- 
  0.1000D+02     0.0000D+00     0.3037D-01        ****
  0.1292D+02     0.0000D+00     0.3819D-01        ****
  0.1668D+02     0.0000D+00     0.4548D-01        ****
  0.2154D+02     0.0000D+00     0.5187D-01        ****
  0.2783D+02     0.0000D+00     0.5733D-01        ****
  0.3594D+02     0.0000D+00     0.6199D-01        ****
  0.4642D+02     0.0000D+00     0.6602D-01        ****
  0.5995D+02     0.0000D+00     0.6956D-01        ****
  0.7743D+02     0.0000D+00     0.7270D-01        ****
  0.1000D+03     0.0000D+00     0.7551D-01        ****
  0.1292D+03     0.0000D+00     0.7808D-01        ****
  0.1668D+03     0.0000D+00     0.8046D-01        ****
  0.2154D+03     0.0000D+00     0.8271D-01        ****
  0.2783D+03     0.0000D+00     0.8490D-01        ****
  0.3594D+03     0.0000D+00     0.8710D-01        ****
  0.4642D+03     0.0000D+00     0.8937D-01        ****
  0.5995D+03     0.0000D+00     0.9178D-01        ****
  0.7743D+03     0.0000D+00     0.9442D-01        ****
  0.1000D+04     0.0000D+00     0.9739D-01        ****
  0.1292D+04     0.0000D+00     0.1008D+00        ****
  0.1668D+04     0.0000D+00     0.1050D+00        ****
  0.2154D+04     0.0000D+00     0.1100D+00        ****
  0.2783D+04     0.0000D+00     0.1160D+00        ****
  0.3594D+04     0.0000D+00     0.1234D+00        ****
  0.4642D+04     0.0000D+00     0.1322D+00        ****
  0.5995D+04     0.0000D+00     0.1426D+00        ****
  0.7743D+04     0.0000D+00     0.1547D+00        ****
  0.1000D+05     0.0000D+00     0.1683D+00        ****
  0.1292D+05     0.0000D+00     0.1834D+00        ****
  0.1668D+05     0.0000D+00     0.1998D+00        ****
  0.2154D+05     0.0000D+00     0.2171D+00        ****
  0.2783D+05     0.0000D+00     0.2351D+00        ****
  0.3594D+05     0.0000D+00     0.2534D+00        ****
  0.4642D+05     0.0000D+00     0.2717D+00        ****
  0.5995D+05     0.0000D+00     0.2898D+00        ****
  0.7743D+05     0.0000D+00     0.3076D+00        ****
  0.1000D+06     0.0000D+00     0.3248D+00        ****
  0.1292D+06     0.0000D+00     0.3416D+00        ****
  0.1668D+06     0.0000D+00     0.3578D+00        ****
  0.2154D+06     0.0000D+00     0.3736D+00        ****
  0.2783D+06     0.0000D+00     0.3891D+00        ****
  0.3594D+06     0.0000D+00     0.4042D+00        ****
  0.4642D+06     0.0000D+00     0.4191D+00        ****
  0.5995D+06     0.0000D+00     0.4339D+00        ****
  0.7743D+06     0.0000D+00     0.4485D+00        ****
  0.1000D+07     0.0000D+00     0.4630D+00        ****
  0.1292D+07     0.0000D+00     0.4774D+00        ****
  0.1668D+07     0.0000D+00     0.4917D+00        ****
  0.2154D+07     0.0000D+00     0.5060D+00        ****
  0.2783D+07     0.0000D+00     0.5203D+00        ****
  0.3594D+07     0.0000D+00     0.5346D+00        ****
  0.4642D+07     0.0000D+00     0.5488D+00        ****
  0.5995D+07     0.0000D+00     0.5630D+00        ****
  0.7743D+07     0.0000D+00     0.5772D+00        ****
  0.1000D+08     0.0000D+00     0.5914D+00        ****
  0.1292D+08     0.0000D+00     0.6056D+00        ****
  0.1668D+08     0.0000D+00     0.6197D+00        ****
  0.2154D+08     0.0000D+00     0.6339D+00        ****
  0.2783D+08     0.0000D+00     0.6481D+00        ****
  0.3594D+08     0.0000D+00     0.6622D+00        ****
  0.4642D+08     0.0000D+00     0.6764D+00        ****
  0.5995D+08     0.0000D+00     0.6905D+00        ****
  0.7743D+08     0.0000D+00     0.7047D+00        ****
  0.1000D+09     0.0000D+00     0.7188D+00        ****
  0.1292D+09     0.0000D+00     0.7330D+00        ****
  0.1668D+09     0.0000D+00     0.7472D+00        ****
  0.2154D+09     0.0000D+00     0.7613D+00        ****
  0.2783D+09     0.0000D+00     0.7755D+00        ****
  0.3594D+09     0.0000D+00     0.7896D+00        ****
  0.4642D+09     0.0000D+00     0.8038D+00        ****
  0.5995D+09     0.0000D+00     0.8179D+00        ****
  0.7743D+09     0.0000D+00     0.8321D+00        ****
  0.1000D+10     0.0000D+00     0.8462D+00        ****


                OBSERVATION WELL OR PIEZOMETER: 25        


   OBSERVATION PIEZOMETER


   DISTANCE FROM
     CENTER OF                DELAYED RESPONSE
    PUMPED WELL        ZP          FACTOR
   -------------------------------------------
     0.250D+02     0.300D+01     0.129D+03


   DRAWDOWN CALCULATED FOR BETA =    0.391D-01

                                                RELATIVE
                  MEASURED      CALCULATED       ERROR
      TIME        DRAWDOWN       DRAWDOWN       (PERCENT)
      ----       ----------     ----------     ---------- 
  0.1000D+02     0.0000D+00     0.1526D-02        ****
  0.1292D+02     0.0000D+00     0.2943D-02        ****
  0.1668D+02     0.0000D+00     0.4953D-02        ****
  0.2154D+02     0.0000D+00     0.7440D-02        ****
  0.2783D+02     0.0000D+00     0.1020D-01        ****
  0.3594D+02     0.0000D+00     0.1304D-01        ****
  0.4642D+02     0.0000D+00     0.1582D-01        ****
  0.5995D+02     0.0000D+00     0.1847D-01        ****
  0.7743D+02     0.0000D+00     0.2095D-01        ****
  0.1000D+03     0.0000D+00     0.2326D-01        ****
  0.1292D+03     0.0000D+00     0.2539D-01        ****
  0.1668D+03     0.0000D+00     0.2737D-01        ****
  0.2154D+03     0.0000D+00     0.2922D-01        ****
  0.2783D+03     0.0000D+00     0.3096D-01        ****
  0.3594D+03     0.0000D+00     0.3263D-01        ****
  0.4642D+03     0.0000D+00     0.3426D-01        ****
  0.5995D+03     0.0000D+00     0.3587D-01        ****
  0.7743D+03     0.0000D+00     0.3752D-01        ****
  0.1000D+04     0.0000D+00     0.3926D-01        ****
  0.1292D+04     0.0000D+00     0.4120D-01        ****
  0.1668D+04     0.0000D+00     0.4345D-01        ****
  0.2154D+04     0.0000D+00     0.4617D-01        ****
  0.2783D+04     0.0000D+00     0.4955D-01        ****
  0.3594D+04     0.0000D+00     0.5377D-01        ****
  0.4642D+04     0.0000D+00     0.5907D-01        ****
  0.5995D+04     0.0000D+00     0.6564D-01        ****
  0.7743D+04     0.0000D+00     0.7369D-01        ****
  0.1000D+05     0.0000D+00     0.8338D-01        ****
  0.1292D+05     0.0000D+00     0.9481D-01        ****
  0.1668D+05     0.0000D+00     0.1079D+00        ****
  0.2154D+05     0.0000D+00     0.1226D+00        ****
  0.2783D+05     0.0000D+00     0.1385D+00        ****
  0.3594D+05     0.0000D+00     0.1553D+00        ****
  0.4642D+05     0.0000D+00     0.1725D+00        ****
  0.5995D+05     0.0000D+00     0.1899D+00        ****
  0.7743D+05     0.0000D+00     0.2072D+00        ****
  0.1000D+06     0.0000D+00     0.2241D+00        ****
  0.1292D+06     0.0000D+00     0.2407D+00        ****
  0.1668D+06     0.0000D+00     0.2568D+00        ****
  0.2154D+06     0.0000D+00     0.2725D+00        ****
  0.2783D+06     0.0000D+00     0.2879D+00        ****
  0.3594D+06     0.0000D+00     0.3030D+00        ****
  0.4642D+06     0.0000D+00     0.3178D+00        ****
  0.5995D+06     0.0000D+00     0.3326D+00        ****
  0.7743D+06     0.0000D+00     0.3471D+00        ****
  0.1000D+07     0.0000D+00     0.3616D+00        ****
  0.1292D+07     0.0000D+00     0.3760D+00        ****
  0.1668D+07     0.0000D+00     0.3904D+00        ****
  0.2154D+07     0.0000D+00     0.4047D+00        ****
  0.2783D+07     0.0000D+00     0.4190D+00        ****
  0.3594D+07     0.0000D+00     0.4332D+00        ****
  0.4642D+07     0.0000D+00     0.4474D+00        ****
  0.5995D+07     0.0000D+00     0.4616D+00        ****
  0.7743D+07     0.0000D+00     0.4758D+00        ****
  0.1000D+08     0.0000D+00     0.4900D+00        ****
  0.1292D+08     0.0000D+00     0.5042D+00        ****
  0.1668D+08     0.0000D+00     0.5184D+00        ****
  0.2154D+08     0.0000D+00     0.5325D+00        ****
  0.2783D+08     0.0000D+00     0.5467D+00        ****
  0.3594D+08     0.0000D+00     0.5608D+00        ****
  0.4642D+08     0.0000D+00     0.5750D+00        ****
  0.5995D+08     0.0000D+00     0.5892D+00        ****
  0.7743D+08     0.0000D+00     0.6033D+00        ****
  0.1000D+09     0.0000D+00     0.6175D+00        ****
  0.1292D+09     0.0000D+00     0.6316D+00        ****
  0.1668D+09     0.0000D+00     0.6458D+00        ****
  0.2154D+09     0.0000D+00     0.6599D+00        ****
  0.2783D+09     0.0000D+00     0.6741D+00        ****
  0.3594D+09     0.0000D+00     0.6882D+00        ****
  0.4642D+09     0.0000D+00     0.7024D+00        ****
  0.5995D+09     0.0000D+00     0.7165D+00        ****
  0.7743D+09     0.0000D+00     0.7307D+00        ****
  0.1000D+10     0.0000D+00     0.7449D+00        ****


                OBSERVATION WELL OR PIEZOMETER: 50        


   OBSERVATION PIEZOMETER


   DISTANCE FROM
     CENTER OF                DELAYED RESPONSE
    PUMPED WELL        ZP          FACTOR
   -------------------------------------------
     0.500D+02     0.300D+01     0.129D+03


   DRAWDOWN CALCULATED FOR BETA =    0.156D+00

                                                RELATIVE
                  MEASURED      CALCULATED       ERROR
      TIME        DRAWDOWN       DRAWDOWN       (PERCENT)
      ----       ----------     ----------     ---------- 
  0.1000D+02     0.0000D+00     0.2300D-05        ****
  0.1292D+02     0.0000D+00     0.1437D-04        ****
  0.1668D+02     0.0000D+00     0.6267D-04        ****
  0.2154D+02     0.0000D+00     0.2019D-03        ****
  0.2783D+02     0.0000D+00     0.5070D-03        ****
  0.3594D+02     0.0000D+00     0.1041D-02        ****
  0.4642D+02     0.0000D+00     0.1826D-02        ****
  0.5995D+02     0.0000D+00     0.2838D-02        ****
  0.7743D+02     0.0000D+00     0.4022D-02        ****
  0.1000D+03     0.0000D+00     0.5317D-02        ****
  0.1292D+03     0.0000D+00     0.6667D-02        ****
  0.1668D+03     0.0000D+00     0.8025D-02        ****
  0.2154D+03     0.0000D+00     0.9363D-02        ****
  0.2783D+03     0.0000D+00     0.1066D-01        ****
  0.3594D+03     0.0000D+00     0.1191D-01        ****
  0.4642D+03     0.0000D+00     0.1310D-01        ****
  0.5995D+03     0.0000D+00     0.1423D-01        ****
  0.7743D+03     0.0000D+00     0.1530D-01        ****
  0.1000D+04     0.0000D+00     0.1635D-01        ****
  0.1292D+04     0.0000D+00     0.1741D-01        ****
  0.1668D+04     0.0000D+00     0.1855D-01        ****
  0.2154D+04     0.0000D+00     0.1989D-01        ****
  0.2783D+04     0.0000D+00     0.2151D-01        ****
  0.3594D+04     0.0000D+00     0.2357D-01        ****
  0.4642D+04     0.0000D+00     0.2618D-01        ****
  0.5995D+04     0.0000D+00     0.2952D-01        ****
  0.7743D+04     0.0000D+00     0.3376D-01        ****
  0.1000D+05     0.0000D+00     0.3911D-01        ****
  0.1292D+05     0.0000D+00     0.4579D-01        ****
  0.1668D+05     0.0000D+00     0.5398D-01        ****
  0.2154D+05     0.0000D+00     0.6383D-01        ****
  0.2783D+05     0.0000D+00     0.7536D-01        ****
  0.3594D+05     0.0000D+00     0.8843D-01        ****
  0.4642D+05     0.0000D+00     0.1028D+00        ****
  0.5995D+05     0.0000D+00     0.1180D+00        ****
  0.7743D+05     0.0000D+00     0.1338D+00        ****
  0.1000D+06     0.0000D+00     0.1497D+00        ****
  0.1292D+06     0.0000D+00     0.1655D+00        ****
  0.1668D+06     0.0000D+00     0.1812D+00        ****
  0.2154D+06     0.0000D+00     0.1966D+00        ****
  0.2783D+06     0.0000D+00     0.2117D+00        ****
  0.3594D+06     0.0000D+00     0.2267D+00        ****
  0.4642D+06     0.0000D+00     0.2415D+00        ****
  0.5995D+06     0.0000D+00     0.2561D+00        ****
  0.7743D+06     0.0000D+00     0.2706D+00        ****
  0.1000D+07     0.0000D+00     0.2851D+00        ****
  0.1292D+07     0.0000D+00     0.2995D+00        ****
  0.1668D+07     0.0000D+00     0.3138D+00        ****
  0.2154D+07     0.0000D+00     0.3281D+00        ****
  0.2783D+07     0.0000D+00     0.3423D+00        ****
  0.3594D+07     0.0000D+00     0.3566D+00        ****
  0.4642D+07     0.0000D+00     0.3708D+00        ****
  0.5995D+07     0.0000D+00     0.3850D+00        ****
  0.7743D+07     0.0000D+00     0.3992D+00        ****
  0.1000D+08     0.0000D+00     0.4133D+00        ****
  0.1292D+08     0.0000D+00     0.4275D+00        ****
  0.1668D+08     0.0000D+00     0.4417D+00        ****
  0.2154D+08     0.0000D+00     0.4558D+00        ****
  0.2783D+08     0.0000D+00     0.4700D+00        ****
  0.3594D+08     0.0000D+00     0.4842D+00        ****
  0.4642D+08     0.0000D+00     0.4983D+00        ****
  0.5995D+08     0.0000D+00     0.5125D+00        ****
  0.7743D+08     0.0000D+00     0.5266D+00        ****
  0.1000D+09     0.0000D+00     0.5408D+00        ****
  0.1292D+09     0.0000D+00     0.5549D+00        ****
  0.1668D+09     0.0000D+00     0.5691D+00        ****
  0.2154D+09     0.0000D+00     0.5833D+00        ****
  0.2783D+09     0.0000D+00     0.5974D+00        ****
  0.3594D+09     0.0000D+00     0.6116D+00        ****
  0.4642D+09     0.0000D+00     0.6257D+00        ****
  0.5995D+09     0.0000D+00     0.6399D+00        ****
  0.7743D+09     0.0000D+00     0.6540D+00        ****
  0.1000D+10     0.0000D+00     0.6682D+00        ****


                OBSERVATION WELL OR PIEZOMETER: 100       


   OBSERVATION PIEZOMETER


   DISTANCE FROM
     CENTER OF                DELAYED RESPONSE
    PUMPED WELL        ZP          FACTOR
   -------------------------------------------
     0.100D+03     0.300D+01     0.129D+03


   DRAWDOWN CALCULATED FOR BETA =    0.625D+00

                                                RELATIVE
                  MEASURED      CALCULATED       ERROR
      TIME        DRAWDOWN       DRAWDOWN       (PERCENT)
      ----       ----------     ----------     ---------- 
  0.1000D+02     0.0000D+00     0.0000D+00        ****
  0.1292D+02     0.0000D+00     0.0000D+00        ****
  0.1668D+02     0.0000D+00     0.0000D+00        ****
  0.2154D+02     0.0000D+00     0.0000D+00        ****
  0.2783D+02     0.0000D+00     0.0000D+00        ****
  0.3594D+02     0.0000D+00     0.1169D-05        ****
  0.4642D+02     0.0000D+00     0.7442D-05        ****
  0.5995D+02     0.0000D+00     0.3183D-04        ****
  0.7743D+02     0.0000D+00     0.9909D-04        ****
  0.1000D+03     0.0000D+00     0.2411D-03        ****
  0.1292D+03     0.0000D+00     0.4854D-03        ****
  0.1668D+03     0.0000D+00     0.8456D-03        ****
  0.2154D+03     0.0000D+00     0.1318D-02        ****
  0.2783D+03     0.0000D+00     0.1884D-02        ****
  0.3594D+03     0.0000D+00     0.2518D-02        ****
  0.4642D+03     0.0000D+00     0.3185D-02        ****
  0.5995D+03     0.0000D+00     0.3850D-02        ****
  0.7743D+03     0.0000D+00     0.4482D-02        ****
  0.1000D+04     0.0000D+00     0.5064D-02        ****
  0.1292D+04     0.0000D+00     0.5599D-02        ****
  0.1668D+04     0.0000D+00     0.6113D-02        ****
  0.2154D+04     0.0000D+00     0.6651D-02        ****
  0.2783D+04     0.0000D+00     0.7271D-02        ****
  0.3594D+04     0.0000D+00     0.8037D-02        ****
  0.4642D+04     0.0000D+00     0.9016D-02        ****
  0.5995D+04     0.0000D+00     0.1028D-01        ****
  0.7743D+04     0.0000D+00     0.1192D-01        ****
  0.1000D+05     0.0000D+00     0.1405D-01        ****
  0.1292D+05     0.0000D+00     0.1681D-01        ****
  0.1668D+05     0.0000D+00     0.2036D-01        ****
  0.2154D+05     0.0000D+00     0.2490D-01        ****
  0.2783D+05     0.0000D+00     0.3066D-01        ****
  0.3594D+05     0.0000D+00     0.3782D-01        ****
  0.4642D+05     0.0000D+00     0.4652D-01        ****
  0.5995D+05     0.0000D+00     0.5676D-01        ****
  0.7743D+05     0.0000D+00     0.6839D-01        ****
  0.1000D+06     0.0000D+00     0.8114D-01        ****
  0.1292D+06     0.0000D+00     0.9468D-01        ****
  0.1668D+06     0.0000D+00     0.1087D+00        ****
  0.2154D+06     0.0000D+00     0.1230D+00        ****
  0.2783D+06     0.0000D+00     0.1373D+00        ****
  0.3594D+06     0.0000D+00     0.1517D+00        ****
  0.4642D+06     0.0000D+00     0.1660D+00        ****
  0.5995D+06     0.0000D+00     0.1804D+00        ****
  0.7743D+06     0.0000D+00     0.1947D+00        ****
  0.1000D+07     0.0000D+00     0.2089D+00        ****
  0.1292D+07     0.0000D+00     0.2232D+00        ****
  0.1668D+07     0.0000D+00     0.2374D+00        ****
  0.2154D+07     0.0000D+00     0.2516D+00        ****
  0.2783D+07     0.0000D+00     0.2658D+00        ****
  0.3594D+07     0.0000D+00     0.2800D+00        ****
  0.4642D+07     0.0000D+00     0.2942D+00        ****
  0.5995D+07     0.0000D+00     0.3084D+00        ****
  0.7743D+07     0.0000D+00     0.3225D+00        ****
  0.1000D+08     0.0000D+00     0.3367D+00        ****
  0.1292D+08     0.0000D+00     0.3509D+00        ****
  0.1668D+08     0.0000D+00     0.3650D+00        ****
  0.2154D+08     0.0000D+00     0.3792D+00        ****
  0.2783D+08     0.0000D+00     0.3933D+00        ****
  0.3594D+08     0.0000D+00     0.4075D+00        ****
  0.4642D+08     0.0000D+00     0.4217D+00        ****
  0.5995D+08     0.0000D+00     0.4358D+00        ****
  0.7743D+08     0.0000D+00     0.4500D+00        ****
  0.1000D+09     0.0000D+00     0.4641D+00        ****
  0.1292D+09     0.0000D+00     0.4783D+00        ****
  0.1668D+09     0.0000D+00     0.4924D+00        ****
  0.2154D+09     0.0000D+00     0.5066D+00        ****
  0.2783D+09     0.0000D+00     0.5207D+00        ****
  0.3594D+09     0.0000D+00     0.5349D+00        ****
  0.4642D+09     0.0000D+00     0.5490D+00        ****
  0.5995D+09     0.0000D+00     0.5632D+00        ****
  0.7743D+09     0.0000D+00     0.5773D+00        ****
  0.1000D+10     0.0000D+00     0.5915D+00        ****


                OBSERVATION WELL OR PIEZOMETER: 200       


   OBSERVATION PIEZOMETER


   DISTANCE FROM
     CENTER OF                DELAYED RESPONSE
    PUMPED WELL        ZP          FACTOR
   -------------------------------------------
     0.200D+03     0.300D+01     0.129D+03


   DRAWDOWN CALCULATED FOR BETA =    0.250D+01

                                                RELATIVE
                  MEASURED      CALCULATED       ERROR
      TIME        DRAWDOWN       DRAWDOWN       (PERCENT)
      ----       ----------     ----------     ---------- 
  0.1000D+02     0.0000D+00     0.0000D+00        ****
  0.1292D+02     0.0000D+00     0.0000D+00        ****
  0.1668D+02     0.0000D+00     0.0000D+00        ****
  0.2154D+02     0.0000D+00     0.0000D+00        ****
  0.2783D+02     0.0000D+00     0.0000D+00        ****
  0.3594D+02     0.0000D+00     0.0000D+00        ****
  0.4642D+02     0.0000D+00     0.0000D+00        ****
  0.5995D+02     0.0000D+00     0.0000D+00        ****
  0.7743D+02     0.0000D+00     0.0000D+00        ****
  0.1000D+03     0.0000D+00     0.0000D+00        ****
  0.1292D+03     0.0000D+00     0.0000D+00        ****
  0.1668D+03     0.0000D+00     0.2510D-05        ****
  0.2154D+03     0.0000D+00     0.1132D-04        ****
  0.2783D+03     0.0000D+00     0.3694D-04        ****
  0.3594D+03     0.0000D+00     0.9355D-04        ****
  0.4642D+03     0.0000D+00     0.1936D-03        ****
  0.5995D+03     0.0000D+00     0.3402D-03        ****
  0.7743D+03     0.0000D+00     0.5228D-03        ****
  0.1000D+04     0.0000D+00     0.7210D-03        ****
  0.1292D+04     0.0000D+00     0.9129D-03        ****
  0.1668D+04     0.0000D+00     0.1086D-02        ****
  0.2154D+04     0.0000D+00     0.1244D-02        ****
  0.2783D+04     0.0000D+00     0.1400D-02        ****
  0.3594D+04     0.0000D+00     0.1579D-02        ****
  0.4642D+04     0.0000D+00     0.1802D-02        ****
  0.5995D+04     0.0000D+00     0.2093D-02        ****
  0.7743D+04     0.0000D+00     0.2477D-02        ****
  0.1000D+05     0.0000D+00     0.2989D-02        ****
  0.1292D+05     0.0000D+00     0.3672D-02        ****
  0.1668D+05     0.0000D+00     0.4591D-02        ****
  0.2154D+05     0.0000D+00     0.5833D-02        ****
  0.2783D+05     0.0000D+00     0.7514D-02        ****
  0.3594D+05     0.0000D+00     0.9791D-02        ****
  0.4642D+05     0.0000D+00     0.1286D-01        ****
  0.5995D+05     0.0000D+00     0.1693D-01        ****
  0.7743D+05     0.0000D+00     0.2225D-01        ****
  0.1000D+06     0.0000D+00     0.2896D-01        ****
  0.1292D+06     0.0000D+00     0.3713D-01        ****
  0.1668D+06     0.0000D+00     0.4669D-01        ****
  0.2154D+06     0.0000D+00     0.5741D-01        ****
  0.2783D+06     0.0000D+00     0.6907D-01        ****
  0.3594D+06     0.0000D+00     0.8140D-01        ****
  0.4642D+06     0.0000D+00     0.9423D-01        ****
  0.5995D+06     0.0000D+00     0.1074D+00        ****
  0.7743D+06     0.0000D+00     0.1208D+00        ****
  0.1000D+07     0.0000D+00     0.1344D+00        ****
  0.1292D+07     0.0000D+00     0.1482D+00        ****
  0.1668D+07     0.0000D+00     0.1620D+00        ****
  0.2154D+07     0.0000D+00     0.1759D+00        ****
  0.2783D+07     0.0000D+00     0.1899D+00        ****
  0.3594D+07     0.0000D+00     0.2039D+00        ****
  0.4642D+07     0.0000D+00     0.2180D+00        ****
  0.5995D+07     0.0000D+00     0.2320D+00        ****
  0.7743D+07     0.0000D+00     0.2461D+00        ****
  0.1000D+08     0.0000D+00     0.2602D+00        ****
  0.1292D+08     0.0000D+00     0.2743D+00        ****
  0.1668D+08     0.0000D+00     0.2885D+00        ****
  0.2154D+08     0.0000D+00     0.3026D+00        ****
  0.2783D+08     0.0000D+00     0.3167D+00        ****
  0.3594D+08     0.0000D+00     0.3309D+00        ****
  0.4642D+08     0.0000D+00     0.3450D+00        ****
  0.5995D+08     0.0000D+00     0.3592D+00        ****
  0.7743D+08     0.0000D+00     0.3733D+00        ****
  0.1000D+09     0.0000D+00     0.3875D+00        ****
  0.1292D+09     0.0000D+00     0.4016D+00        ****
  0.1668D+09     0.0000D+00     0.4157D+00        ****
  0.2154D+09     0.0000D+00     0.4299D+00        ****
  0.2783D+09     0.0000D+00     0.4440D+00        ****
  0.3594D+09     0.0000D+00     0.4582D+00        ****
  0.4642D+09     0.0000D+00     0.4724D+00        ****
  0.5995D+09     0.0000D+00     0.4865D+00        ****
  0.7743D+09     0.0000D+00     0.5007D+00        ****
  0.1000D+10     0.0000D+00     0.5148D+00        ****


                OBSERVATION WELL OR PIEZOMETER: 300       


   OBSERVATION PIEZOMETER


   DISTANCE FROM
     CENTER OF                DELAYED RESPONSE
    PUMPED WELL        ZP          FACTOR
   -------------------------------------------
     0.300D+03     0.300D+01     0.129D+03


   DRAWDOWN CALCULATED FOR BETA =    0.563D+01

                                                RELATIVE
                  MEASURED      CALCULATED       ERROR
      TIME        DRAWDOWN       DRAWDOWN       (PERCENT)
      ----       ----------     ----------     ---------- 
  0.1000D+02     0.0000D+00     0.0000D+00        ****
  0.1292D+02     0.0000D+00     0.0000D+00        ****
  0.1668D+02     0.0000D+00     0.0000D+00        ****
  0.2154D+02     0.0000D+00     0.0000D+00        ****
  0.2783D+02     0.0000D+00     0.0000D+00        ****
  0.3594D+02     0.0000D+00     0.0000D+00        ****
  0.4642D+02     0.0000D+00     0.0000D+00        ****
  0.5995D+02     0.0000D+00     0.0000D+00        ****
  0.7743D+02     0.0000D+00     0.0000D+00        ****
  0.1000D+03     0.0000D+00     0.0000D+00        ****
  0.1292D+03     0.0000D+00     0.0000D+00        ****
  0.1668D+03     0.0000D+00     0.0000D+00        ****
  0.2154D+03     0.0000D+00     0.0000D+00        ****
  0.2783D+03     0.0000D+00     0.0000D+00        ****
  0.3594D+03     0.0000D+00     0.1326D-05        ****
  0.4642D+03     0.0000D+00     0.6071D-05        ****
  0.5995D+03     0.0000D+00     0.1961D-04        ****
  0.7743D+03     0.0000D+00     0.4775D-04        ****
  0.1000D+04     0.0000D+00     0.9245D-04        ****
  0.1292D+04     0.0000D+00     0.1489D-03        ****
  0.1668D+04     0.0000D+00     0.2081D-03        ****
  0.2154D+04     0.0000D+00     0.2627D-03        ****
  0.2783D+04     0.0000D+00     0.3123D-03        ****
  0.3594D+04     0.0000D+00     0.3628D-03        ****
  0.4642D+04     0.0000D+00     0.4227D-03        ****
  0.5995D+04     0.0000D+00     0.5005D-03        ****
  0.7743D+04     0.0000D+00     0.6048D-03        ****
  0.1000D+05     0.0000D+00     0.7464D-03        ****
  0.1292D+05     0.0000D+00     0.9409D-03        ****
  0.1668D+05     0.0000D+00     0.1211D-02        ****
  0.2154D+05     0.0000D+00     0.1590D-02        ****
  0.2783D+05     0.0000D+00     0.2128D-02        ****
  0.3594D+05     0.0000D+00     0.2898D-02        ****
  0.4642D+05     0.0000D+00     0.4005D-02        ****
  0.5995D+05     0.0000D+00     0.5598D-02        ****
  0.7743D+05     0.0000D+00     0.7870D-02        ****
  0.1000D+06     0.0000D+00     0.1105D-01        ****
  0.1292D+06     0.0000D+00     0.1538D-01        ****
  0.1668D+06     0.0000D+00     0.2105D-01        ****
  0.2154D+06     0.0000D+00     0.2814D-01        ****
  0.2783D+06     0.0000D+00     0.3660D-01        ****
  0.3594D+06     0.0000D+00     0.4628D-01        ****
  0.4642D+06     0.0000D+00     0.5696D-01        ****
  0.5995D+06     0.0000D+00     0.6844D-01        ****
  0.7743D+06     0.0000D+00     0.8054D-01        ****
  0.1000D+07     0.0000D+00     0.9312D-01        ****
  0.1292D+07     0.0000D+00     0.1061D+00        ****
  0.1668D+07     0.0000D+00     0.1193D+00        ****
  0.2154D+07     0.0000D+00     0.1327D+00        ****
  0.2783D+07     0.0000D+00     0.1463D+00        ****
  0.3594D+07     0.0000D+00     0.1600D+00        ****
  0.4642D+07     0.0000D+00     0.1739D+00        ****
  0.5995D+07     0.0000D+00     0.1878D+00        ****
  0.7743D+07     0.0000D+00     0.2017D+00        ****
  0.1000D+08     0.0000D+00     0.2157D+00        ****
  0.1292D+08     0.0000D+00     0.2298D+00        ****
  0.1668D+08     0.0000D+00     0.2438D+00        ****
  0.2154D+08     0.0000D+00     0.2579D+00        ****
  0.2783D+08     0.0000D+00     0.2720D+00        ****
  0.3594D+08     0.0000D+00     0.2861D+00        ****
  0.4642D+08     0.0000D+00     0.3002D+00        ****
  0.5995D+08     0.0000D+00     0.3144D+00        ****
  0.7743D+08     0.0000D+00     0.3285D+00        ****
  0.1000D+09     0.0000D+00     0.3426D+00        ****
  0.1292D+09     0.0000D+00     0.3568D+00        ****
  0.1668D+09     0.0000D+00     0.3709D+00        ****
  0.2154D+09     0.0000D+00     0.3851D+00        ****
  0.2783D+09     0.0000D+00     0.3992D+00        ****
  0.3594D+09     0.0000D+00     0.4134D+00        ****
  0.4642D+09     0.0000D+00     0.4275D+00        ****
  0.5995D+09     0.0000D+00     0.4417D+00        ****
  0.7743D+09     0.0000D+00     0.4558D+00        ****
  0.1000D+10     0.0000D+00     0.4700D+00        ****


                OBSERVATION WELL OR PIEZOMETER: 400       


   OBSERVATION PIEZOMETER


   DISTANCE FROM
     CENTER OF                DELAYED RESPONSE
    PUMPED WELL        ZP          FACTOR
   -------------------------------------------
     0.400D+03     0.300D+01     0.129D+03


   DRAWDOWN CALCULATED FOR BETA =    0.100D+02

                                                RELATIVE
                  MEASURED      CALCULATED       ERROR
      TIME        DRAWDOWN       DRAWDOWN       (PERCENT)
      ----       ----------     ----------     ---------- 
  0.1000D+02     0.0000D+00     0.0000D+00        ****
  0.1292D+02     0.0000D+00     0.0000D+00        ****
  0.1668D+02     0.0000D+00     0.0000D+00        ****
  0.2154D+02     0.0000D+00     0.0000D+00        ****
  0.2783D+02     0.0000D+00     0.0000D+00        ****
  0.3594D+02     0.0000D+00     0.0000D+00        ****
  0.4642D+02     0.0000D+00     0.0000D+00        ****
  0.5995D+02     0.0000D+00     0.0000D+00        ****
  0.7743D+02     0.0000D+00     0.0000D+00        ****
  0.1000D+03     0.0000D+00     0.0000D+00        ****
  0.1292D+03     0.0000D+00     0.0000D+00        ****
  0.1668D+03     0.0000D+00     0.0000D+00        ****
  0.2154D+03     0.0000D+00     0.0000D+00        ****
  0.2783D+03     0.0000D+00     0.0000D+00        ****
  0.3594D+03     0.0000D+00     0.0000D+00        ****
  0.4642D+03     0.0000D+00     0.0000D+00        ****
  0.5995D+03     0.0000D+00     0.5997D-06        ****
  0.7743D+03     0.0000D+00     0.2792D-05        ****
  0.1000D+04     0.0000D+00     0.8822D-05        ****
  0.1292D+04     0.0000D+00     0.2037D-04        ****
  0.1668D+04     0.0000D+00     0.3661D-04        ****
  0.2154D+04     0.0000D+00     0.5441D-04        ****
  0.2783D+04     0.0000D+00     0.7107D-04        ****
  0.3594D+04     0.0000D+00     0.8669D-04        ****
  0.4642D+04     0.0000D+00     0.1038D-03        ****
  0.5995D+04     0.0000D+00     0.1255D-03        ****
  0.7743D+04     0.0000D+00     0.1549D-03        ****
  0.1000D+05     0.0000D+00     0.1956D-03        ****
  0.1292D+05     0.0000D+00     0.2529D-03        ****
  0.1668D+05     0.0000D+00     0.3347D-03        ****
  0.2154D+05     0.0000D+00     0.4536D-03        ****
  0.2783D+05     0.0000D+00     0.6291D-03        ****
  0.3594D+05     0.0000D+00     0.8925D-03        ****
  0.4642D+05     0.0000D+00     0.1293D-02        ****
  0.5995D+05     0.0000D+00     0.1906D-02        ****
  0.7743D+05     0.0000D+00     0.2846D-02        ****
  0.1000D+06     0.0000D+00     0.4276D-02        ****
  0.1292D+06     0.0000D+00     0.6412D-02        ****
  0.1668D+06     0.0000D+00     0.9501D-02        ****
  0.2154D+06     0.0000D+00     0.1378D-01        ****
  0.2783D+06     0.0000D+00     0.1941D-01        ****
  0.3594D+06     0.0000D+00     0.2644D-01        ****
  0.4642D+06     0.0000D+00     0.3478D-01        ****
  0.5995D+06     0.0000D+00     0.4429D-01        ****
  0.7743D+06     0.0000D+00     0.5477D-01        ****
  0.1000D+07     0.0000D+00     0.6605D-01        ****
  0.1292D+07     0.0000D+00     0.7795D-01        ****
  0.1668D+07     0.0000D+00     0.9035D-01        ****
  0.2154D+07     0.0000D+00     0.1031D+00        ****
  0.2783D+07     0.0000D+00     0.1162D+00        ****
  0.3594D+07     0.0000D+00     0.1296D+00        ****
  0.4642D+07     0.0000D+00     0.1431D+00        ****
  0.5995D+07     0.0000D+00     0.1568D+00        ****
  0.7743D+07     0.0000D+00     0.1705D+00        ****
  0.1000D+08     0.0000D+00     0.1844D+00        ****
  0.1292D+08     0.0000D+00     0.1983D+00        ****
  0.1668D+08     0.0000D+00     0.2123D+00        ****
  0.2154D+08     0.0000D+00     0.2263D+00        ****
  0.2783D+08     0.0000D+00     0.2404D+00        ****
  0.3594D+08     0.0000D+00     0.2544D+00        ****
  0.4642D+08     0.0000D+00     0.2685D+00        ****
  0.5995D+08     0.0000D+00     0.2826D+00        ****
  0.7743D+08     0.0000D+00     0.2967D+00        ****
  0.1000D+09     0.0000D+00     0.3109D+00        ****
  0.1292D+09     0.0000D+00     0.3250D+00        ****
  0.1668D+09     0.0000D+00     0.3391D+00        ****
  0.2154D+09     0.0000D+00     0.3533D+00        ****
  0.2783D+09     0.0000D+00     0.3674D+00        ****
  0.3594D+09     0.0000D+00     0.3815D+00        ****
  0.4642D+09     0.0000D+00     0.3957D+00        ****
  0.5995D+09     0.0000D+00     0.4098D+00        ****
  0.7743D+09     0.0000D+00     0.4240D+00        ****
  0.1000D+10     0.0000D+00     0.4381D+00        ****


                OBSERVATION WELL OR PIEZOMETER: 600       


   OBSERVATION PIEZOMETER


   DISTANCE FROM
     CENTER OF                DELAYED RESPONSE
    PUMPED WELL        ZP          FACTOR
   -------------------------------------------
     0.600D+03     0.300D+01     0.129D+03


   DRAWDOWN CALCULATED FOR BETA =    0.225D+02

                                                RELATIVE
                  MEASURED      CALCULATED       ERROR
      TIME        DRAWDOWN       DRAWDOWN       (PERCENT)
      ----       ----------     ----------     ---------- 
  0.1000D+02     0.0000D+00     0.0000D+00        ****
  0.1292D+02     0.0000D+00     0.0000D+00        ****
  0.1668D+02     0.0000D+00     0.0000D+00        ****
  0.2154D+02     0.0000D+00     0.0000D+00        ****
  0.2783D+02     0.0000D+00     0.0000D+00        ****
  0.3594D+02     0.0000D+00     0.0000D+00        ****
  0.4642D+02     0.0000D+00     0.0000D+00        ****
  0.5995D+02     0.0000D+00     0.0000D+00        ****
  0.7743D+02     0.0000D+00     0.0000D+00        ****
  0.1000D+03     0.0000D+00     0.0000D+00        ****
  0.1292D+03     0.0000D+00     0.0000D+00        ****
  0.1668D+03     0.0000D+00     0.0000D+00        ****
  0.2154D+03     0.0000D+00     0.0000D+00        ****
  0.2783D+03     0.0000D+00     0.0000D+00        ****
  0.3594D+03     0.0000D+00     0.0000D+00        ****
  0.4642D+03     0.0000D+00     0.0000D+00        ****
  0.5995D+03     0.0000D+00     0.0000D+00        ****
  0.7743D+03     0.0000D+00     0.0000D+00        ****
  0.1000D+04     0.0000D+00     0.0000D+00        ****
  0.1292D+04     0.0000D+00     0.0000D+00        ****
  0.1668D+04     0.0000D+00     0.6854D-06        ****
  0.2154D+04     0.0000D+00     0.1778D-05        ****
  0.2783D+04     0.0000D+00     0.3313D-05        ****
  0.3594D+04     0.0000D+00     0.4920D-05        ****
  0.4642D+04     0.0000D+00     0.6491D-05        ****
  0.5995D+04     0.0000D+00     0.8292D-05        ****
  0.7743D+04     0.0000D+00     0.1072D-04        ****
  0.1000D+05     0.0000D+00     0.1418D-04        ****
  0.1292D+05     0.0000D+00     0.1928D-04        ****
  0.1668D+05     0.0000D+00     0.2694D-04        ****
  0.2154D+05     0.0000D+00     0.3876D-04        ****
  0.2783D+05     0.0000D+00     0.5748D-04        ****
  0.3594D+05     0.0000D+00     0.8789D-04        ****
  0.4642D+05     0.0000D+00     0.1386D-03        ****
  0.5995D+05     0.0000D+00     0.2248D-03        ****
  0.7743D+05     0.0000D+00     0.3740D-03        ****
  0.1000D+06     0.0000D+00     0.6344D-03        ****
  0.1292D+06     0.0000D+00     0.1088D-02        ****
  0.1668D+06     0.0000D+00     0.1866D-02        ****
  0.2154D+06     0.0000D+00     0.3161D-02        ****
  0.2783D+06     0.0000D+00     0.5218D-02        ****
  0.3594D+06     0.0000D+00     0.8298D-02        ****
  0.4642D+06     0.0000D+00     0.1262D-01        ****
  0.5995D+06     0.0000D+00     0.1829D-01        ****
  0.7743D+06     0.0000D+00     0.2532D-01        ****
  0.1000D+07     0.0000D+00     0.3360D-01        ****
  0.1292D+07     0.0000D+00     0.4300D-01        ****
  0.1668D+07     0.0000D+00     0.5335D-01        ****
  0.2154D+07     0.0000D+00     0.6447D-01        ****
  0.2783D+07     0.0000D+00     0.7624D-01        ****
  0.3594D+07     0.0000D+00     0.8852D-01        ****
  0.4642D+07     0.0000D+00     0.1012D+00        ****
  0.5995D+07     0.0000D+00     0.1142D+00        ****
  0.7743D+07     0.0000D+00     0.1275D+00        ****
  0.1000D+08     0.0000D+00     0.1409D+00        ****
  0.1292D+08     0.0000D+00     0.1545D+00        ****
  0.1668D+08     0.0000D+00     0.1683D+00        ****
  0.2154D+08     0.0000D+00     0.1821D+00        ****
  0.2783D+08     0.0000D+00     0.1960D+00        ****
  0.3594D+08     0.0000D+00     0.2100D+00        ****
  0.4642D+08     0.0000D+00     0.2240D+00        ****
  0.5995D+08     0.0000D+00     0.2380D+00        ****
  0.7743D+08     0.0000D+00     0.2521D+00        ****
  0.1000D+09     0.0000D+00     0.2661D+00        ****
  0.1292D+09     0.0000D+00     0.2802D+00        ****
  0.1668D+09     0.0000D+00     0.2943D+00        ****
  0.2154D+09     0.0000D+00     0.3085D+00        ****
  0.2783D+09     0.0000D+00     0.3226D+00        ****
  0.3594D+09     0.0000D+00     0.3367D+00        ****
  0.4642D+09     0.0000D+00     0.3509D+00        ****
  0.5995D+09     0.0000D+00     0.3650D+00        ****
  0.7743D+09     0.0000D+00     0.3791D+00        ****
  0.1000D+10     0.0000D+00     0.3933D+00        ****


                OBSERVATION WELL OR PIEZOMETER: 1000      


   OBSERVATION PIEZOMETER


   DISTANCE FROM
     CENTER OF                DELAYED RESPONSE
    PUMPED WELL        ZP          FACTOR
   -------------------------------------------
     0.100D+04     0.300D+01     0.129D+03


   DRAWDOWN CALCULATED FOR BETA =    0.625D+02

                                                RELATIVE
                  MEASURED      CALCULATED       ERROR
      TIME        DRAWDOWN       DRAWDOWN       (PERCENT)
      ----       ----------     ----------     ---------- 
  0.1000D+02     0.0000D+00     0.0000D+00        ****
  0.1292D+02     0.0000D+00     0.0000D+00        ****
  0.1668D+02     0.0000D+00     0.0000D+00        ****
  0.2154D+02     0.0000D+00     0.0000D+00        ****
  0.2783D+02     0.0000D+00     0.0000D+00        ****
  0.3594D+02     0.0000D+00     0.0000D+00        ****
  0.4642D+02     0.0000D+00     0.0000D+00        ****
  0.5995D+02     0.0000D+00     0.0000D+00        ****
  0.7743D+02     0.0000D+00     0.0000D+00        ****
  0.1000D+03     0.0000D+00     0.0000D+00        ****
  0.1292D+03     0.0000D+00     0.0000D+00        ****
  0.1668D+03     0.0000D+00     0.0000D+00        ****
  0.2154D+03     0.0000D+00     0.0000D+00        ****
  0.2783D+03     0.0000D+00     0.0000D+00        ****
  0.3594D+03     0.0000D+00     0.0000D+00        ****
  0.4642D+03     0.0000D+00     0.0000D+00        ****
  0.5995D+03     0.0000D+00     0.0000D+00        ****
  0.7743D+03     0.0000D+00     0.0000D+00        ****
  0.1000D+04     0.0000D+00     0.0000D+00        ****
  0.1292D+04     0.0000D+00     0.0000D+00        ****
  0.1668D+04     0.0000D+00     0.0000D+00        ****
  0.2154D+04     0.0000D+00     0.0000D+00        ****
  0.2783D+04     0.0000D+00     0.0000D+00        ****
  0.3594D+04     0.0000D+00     0.0000D+00        ****
  0.4642D+04     0.0000D+00     0.0000D+00        ****
  0.5995D+04     0.0000D+00     0.0000D+00        ****
  0.7743D+04     0.0000D+00     0.0000D+00        ****
  0.1000D+05     0.0000D+00     0.0000D+00        ****
  0.1292D+05     0.0000D+00     0.0000D+00        ****
  0.1668D+05     0.0000D+00     0.0000D+00        ****
  0.2154D+05     0.0000D+00     0.0000D+00        ****
  0.2783D+05     0.0000D+00     0.0000D+00        ****
  0.3594D+05     0.0000D+00     0.8663D-06        ****
  0.4642D+05     0.0000D+00     0.1584D-05        ****
  0.5995D+05     0.0000D+00     0.3033D-05        ****
  0.7743D+05     0.0000D+00     0.6073D-05        ****
  0.1000D+06     0.0000D+00     0.1267D-04        ****
  0.1292D+06     0.0000D+00     0.2739D-04        ****
  0.1668D+06     0.0000D+00     0.6069D-04        ****
  0.2154D+06     0.0000D+00     0.1359D-03        ****
  0.2783D+06     0.0000D+00     0.3024D-03        ****
  0.3594D+06     0.0000D+00     0.6551D-03        ****
  0.4642D+06     0.0000D+00     0.1355D-02        ****
  0.5995D+06     0.0000D+00     0.2632D-02        ****
  0.7743D+06     0.0000D+00     0.4758D-02        ****
  0.1000D+07     0.0000D+00     0.7985D-02        ****
  0.1292D+07     0.0000D+00     0.1249D-01        ****
  0.1668D+07     0.0000D+00     0.1833D-01        ****
  0.2154D+07     0.0000D+00     0.2548D-01        ****
  0.2783D+07     0.0000D+00     0.3385D-01        ****
  0.3594D+07     0.0000D+00     0.4328D-01        ****
  0.4642D+07     0.0000D+00     0.5364D-01        ****
  0.5995D+07     0.0000D+00     0.6475D-01        ****
  0.7743D+07     0.0000D+00     0.7650D-01        ****
  0.1000D+08     0.0000D+00     0.8875D-01        ****
  0.1292D+08     0.0000D+00     0.1014D+00        ****
  0.1668D+08     0.0000D+00     0.1144D+00        ****
  0.2154D+08     0.0000D+00     0.1276D+00        ****
  0.2783D+08     0.0000D+00     0.1411D+00        ****
  0.3594D+08     0.0000D+00     0.1547D+00        ****
  0.4642D+08     0.0000D+00     0.1684D+00        ****
  0.5995D+08     0.0000D+00     0.1822D+00        ****
  0.7743D+08     0.0000D+00     0.1961D+00        ****
  0.1000D+09     0.0000D+00     0.2101D+00        ****
  0.1292D+09     0.0000D+00     0.2241D+00        ****
  0.1668D+09     0.0000D+00     0.2381D+00        ****
  0.2154D+09     0.0000D+00     0.2522D+00        ****
  0.2783D+09     0.0000D+00     0.2662D+00        ****
  0.3594D+09     0.0000D+00     0.2803D+00        ****
  0.4642D+09     0.0000D+00     0.2944D+00        ****
  0.5995D+09     0.0000D+00     0.3086D+00        ****
  0.7743D+09     0.0000D+00     0.3227D+00        ****
  0.1000D+10     0.0000D+00     0.3368D+00        ****


                OBSERVATION WELL OR PIEZOMETER: 1500      


   OBSERVATION PIEZOMETER


   DISTANCE FROM
     CENTER OF                DELAYED RESPONSE
    PUMPED WELL        ZP          FACTOR
   -------------------------------------------
     0.150D+04     0.300D+01     0.129D+03


   DRAWDOWN CALCULATED FOR BETA =    0.141D+03

                                                RELATIVE
                  MEASURED      CALCULATED       ERROR
      TIME        DRAWDOWN       DRAWDOWN       (PERCENT)
      ----       ----------     ----------     ---------- 
  0.1000D+02     0.0000D+00     0.0000D+00        ****
  0.1292D+02     0.0000D+00     0.0000D+00        ****
  0.1668D+02     0.0000D+00     0.0000D+00        ****
  0.2154D+02     0.0000D+00     0.0000D+00        ****
  0.2783D+02     0.0000D+00     0.0000D+00        ****
  0.3594D+02     0.0000D+00     0.0000D+00        ****
  0.4642D+02     0.0000D+00     0.0000D+00        ****
  0.5995D+02     0.0000D+00     0.0000D+00        ****
  0.7743D+02     0.0000D+00     0.0000D+00        ****
  0.1000D+03     0.0000D+00     0.0000D+00        ****
  0.1292D+03     0.0000D+00     0.0000D+00        ****
  0.1668D+03     0.0000D+00     0.0000D+00        ****
  0.2154D+03     0.0000D+00     0.0000D+00        ****
  0.2783D+03     0.0000D+00     0.0000D+00        ****
  0.3594D+03     0.0000D+00     0.0000D+00        ****
  0.4642D+03     0.0000D+00     0.0000D+00        ****
  0.5995D+03     0.0000D+00     0.0000D+00        ****
  0.7743D+03     0.0000D+00     0.0000D+00        ****
  0.1000D+04     0.0000D+00     0.0000D+00        ****
  0.1292D+04     0.0000D+00     0.0000D+00        ****
  0.1668D+04     0.0000D+00     0.0000D+00        ****
  0.2154D+04     0.0000D+00     0.0000D+00        ****
  0.2783D+04     0.0000D+00     0.0000D+00        ****
  0.3594D+04     0.0000D+00     0.0000D+00        ****
  0.4642D+04     0.0000D+00     0.0000D+00        ****
  0.5995D+04     0.0000D+00     0.0000D+00        ****
  0.7743D+04     0.0000D+00     0.0000D+00        ****
  0.1000D+05     0.0000D+00     0.0000D+00        ****
  0.1292D+05     0.0000D+00     0.0000D+00        ****
  0.1668D+05     0.0000D+00     0.0000D+00        ****
  0.2154D+05     0.0000D+00     0.0000D+00        ****
  0.2783D+05     0.0000D+00     0.0000D+00        ****
  0.3594D+05     0.0000D+00     0.0000D+00        ****
  0.4642D+05     0.0000D+00     0.0000D+00        ****
  0.5995D+05     0.0000D+00     0.0000D+00        ****
  0.7743D+05     0.0000D+00     0.0000D+00        ****
  0.1000D+06     0.0000D+00     0.0000D+00        ****
  0.1292D+06     0.0000D+00     0.0000D+00        ****
  0.1668D+06     0.0000D+00     0.6482D-06        ****
  0.2154D+06     0.0000D+00     0.1967D-05        ****
  0.2783D+06     0.0000D+00     0.6106D-05        ****
  0.3594D+06     0.0000D+00     0.1894D-04        ****
  0.4642D+06     0.0000D+00     0.5714D-04        ****
  0.5995D+06     0.0000D+00     0.1630D-03        ****
  0.7743D+06     0.0000D+00     0.4281D-03        ****
  0.1000D+07     0.0000D+00     0.1017D-02        ****
  0.1292D+07     0.0000D+00     0.2168D-02        ****
  0.1668D+07     0.0000D+00     0.4157D-02        ****
  0.2154D+07     0.0000D+00     0.7233D-02        ****
  0.2783D+07     0.0000D+00     0.1157D-01        ****
  0.3594D+07     0.0000D+00     0.1724D-01        ****
  0.4642D+07     0.0000D+00     0.2422D-01        ****
  0.5995D+07     0.0000D+00     0.3241D-01        ****
  0.7743D+07     0.0000D+00     0.4168D-01        ****
  0.1000D+08     0.0000D+00     0.5189D-01        ****
  0.1292D+08     0.0000D+00     0.6288D-01        ****
  0.1668D+08     0.0000D+00     0.7452D-01        ****
  0.2154D+08     0.0000D+00     0.8669D-01        ****
  0.2783D+08     0.0000D+00     0.9928D-01        ****
  0.3594D+08     0.0000D+00     0.1122D+00        ****
  0.4642D+08     0.0000D+00     0.1254D+00        ****
  0.5995D+08     0.0000D+00     0.1388D+00        ****
  0.7743D+08     0.0000D+00     0.1524D+00        ****
  0.1000D+09     0.0000D+00     0.1661D+00        ****
  0.1292D+09     0.0000D+00     0.1799D+00        ****
  0.1668D+09     0.0000D+00     0.1938D+00        ****
  0.2154D+09     0.0000D+00     0.2077D+00        ****
  0.2783D+09     0.0000D+00     0.2217D+00        ****
  0.3594D+09     0.0000D+00     0.2357D+00        ****
  0.4642D+09     0.0000D+00     0.2498D+00        ****
  0.5995D+09     0.0000D+00     0.2638D+00        ****
  0.7743D+09     0.0000D+00     0.2779D+00        ****
  0.1000D+10     0.0000D+00     0.2920D+00        ****


                OBSERVATION WELL OR PIEZOMETER: 2000      


   OBSERVATION PIEZOMETER


   DISTANCE FROM
     CENTER OF                DELAYED RESPONSE
    PUMPED WELL        ZP          FACTOR
   -------------------------------------------
     0.200D+04     0.300D+01     0.129D+03


   DRAWDOWN CALCULATED FOR BETA =    0.250D+03

                                                RELATIVE
                  MEASURED      CALCULATED       ERROR
      TIME        DRAWDOWN       DRAWDOWN       (PERCENT)
      ----       ----------     ----------     ---------- 
  0.1000D+02     0.0000D+00     0.0000D+00        ****
  0.1292D+02     0.0000D+00     0.0000D+00        ****
  0.1668D+02     0.0000D+00     0.0000D+00        ****
  0.2154D+02     0.0000D+00     0.0000D+00        ****
  0.2783D+02     0.0000D+00     0.0000D+00        ****
  0.3594D+02     0.0000D+00     0.0000D+00        ****
  0.4642D+02     0.0000D+00     0.0000D+00        ****
  0.5995D+02     0.0000D+00     0.0000D+00        ****
  0.7743D+02     0.0000D+00     0.0000D+00        ****
  0.1000D+03     0.0000D+00     0.0000D+00        ****
  0.1292D+03     0.0000D+00     0.0000D+00        ****
  0.1668D+03     0.0000D+00     0.0000D+00        ****
  0.2154D+03     0.0000D+00     0.0000D+00        ****
  0.2783D+03     0.0000D+00     0.0000D+00        ****
  0.3594D+03     0.0000D+00     0.0000D+00        ****
  0.4642D+03     0.0000D+00     0.0000D+00        ****
  0.5995D+03     0.0000D+00     0.0000D+00        ****
  0.7743D+03     0.0000D+00     0.0000D+00        ****
  0.1000D+04     0.0000D+00     0.0000D+00        ****
  0.1292D+04     0.0000D+00     0.0000D+00        ****
  0.1668D+04     0.0000D+00     0.0000D+00        ****
  0.2154D+04     0.0000D+00     0.0000D+00        ****
  0.2783D+04     0.0000D+00     0.0000D+00        ****
  0.3594D+04     0.0000D+00     0.0000D+00        ****
  0.4642D+04     0.0000D+00     0.0000D+00        ****
  0.5995D+04     0.0000D+00     0.0000D+00        ****
  0.7743D+04     0.0000D+00     0.0000D+00        ****
  0.1000D+05     0.0000D+00     0.0000D+00        ****
  0.1292D+05     0.0000D+00     0.0000D+00        ****
  0.1668D+05     0.0000D+00     0.0000D+00        ****
  0.2154D+05     0.0000D+00     0.0000D+00        ****
  0.2783D+05     0.0000D+00     0.0000D+00        ****
  0.3594D+05     0.0000D+00     0.0000D+00        ****
  0.4642D+05     0.0000D+00     0.0000D+00        ****
  0.5995D+05     0.0000D+00     0.0000D+00        ****
  0.7743D+05     0.0000D+00     0.0000D+00        ****
  0.1000D+06     0.0000D+00     0.0000D+00        ****
  0.1292D+06     0.0000D+00     0.0000D+00        ****
  0.1668D+06     0.0000D+00     0.0000D+00        ****
  0.2154D+06     0.0000D+00     0.0000D+00        ****
  0.2783D+06     0.0000D+00     0.0000D+00        ****
  0.3594D+06     0.0000D+00     0.0000D+00        ****
  0.4642D+06     0.0000D+00     0.1743D-05        ****
  0.5995D+06     0.0000D+00     0.7194D-05        ****
  0.7743D+06     0.0000D+00     0.2764D-04        ****
  0.1000D+07     0.0000D+00     0.9554D-04        ****
  0.1292D+07     0.0000D+00     0.2896D-03        ****
  0.1668D+07     0.0000D+00     0.7617D-03        ****
  0.2154D+07     0.0000D+00     0.1742D-02        ****
  0.2783D+07     0.0000D+00     0.3504D-02        ****
  0.3594D+07     0.0000D+00     0.6308D-02        ****
  0.4642D+07     0.0000D+00     0.1034D-01        ****
  0.5995D+07     0.0000D+00     0.1570D-01        ****
  0.7743D+07     0.0000D+00     0.2237D-01        ****
  0.1000D+08     0.0000D+00     0.3028D-01        ****
  0.1292D+08     0.0000D+00     0.3930D-01        ****
  0.1668D+08     0.0000D+00     0.4929D-01        ****
  0.2154D+08     0.0000D+00     0.6010D-01        ****
  0.2783D+08     0.0000D+00     0.7159D-01        ****
  0.3594D+08     0.0000D+00     0.8364D-01        ****
  0.4642D+08     0.0000D+00     0.9613D-01        ****
  0.5995D+08     0.0000D+00     0.1090D+00        ****
  0.7743D+08     0.0000D+00     0.1221D+00        ****
  0.1000D+09     0.0000D+00     0.1355D+00        ****
  0.1292D+09     0.0000D+00     0.1490D+00        ****
  0.1668D+09     0.0000D+00     0.1627D+00        ****
  0.2154D+09     0.0000D+00     0.1764D+00        ****
  0.2783D+09     0.0000D+00     0.1903D+00        ****
  0.3594D+09     0.0000D+00     0.2042D+00        ****
  0.4642D+09     0.0000D+00     0.2182D+00        ****
  0.5995D+09     0.0000D+00     0.2322D+00        ****
  0.7743D+09     0.0000D+00     0.2463D+00        ****
  0.1000D+10     0.0000D+00     0.2603D+00        ****


                OBSERVATION WELL OR PIEZOMETER: 4000      


   OBSERVATION PIEZOMETER


   DISTANCE FROM
     CENTER OF                DELAYED RESPONSE
    PUMPED WELL        ZP          FACTOR
   -------------------------------------------
     0.400D+04     0.300D+01     0.129D+03


   DRAWDOWN CALCULATED FOR BETA =    0.100D+04

                                                RELATIVE
                  MEASURED      CALCULATED       ERROR
      TIME        DRAWDOWN       DRAWDOWN       (PERCENT)
      ----       ----------     ----------     ---------- 
  0.1000D+02     0.0000D+00            NaN        ****
  0.1292D+02     0.0000D+00            NaN        ****
  0.1668D+02     0.0000D+00            NaN        ****
  0.2154D+02     0.0000D+00            NaN        ****
  0.2783D+02     0.0000D+00            NaN        ****
  0.3594D+02     0.0000D+00     0.0000D+00        ****
  0.4642D+02     0.0000D+00     0.0000D+00        ****
  0.5995D+02     0.0000D+00     0.0000D+00        ****
  0.7743D+02     0.0000D+00     0.0000D+00        ****
  0.1000D+03     0.0000D+00     0.0000D+00        ****
  0.1292D+03     0.0000D+00     0.0000D+00        ****
  0.1668D+03     0.0000D+00     0.0000D+00        ****
  0.2154D+03     0.0000D+00     0.0000D+00        ****
  0.2783D+03     0.0000D+00     0.0000D+00        ****
  0.3594D+03     0.0000D+00     0.0000D+00        ****
  0.4642D+03     0.0000D+00     0.0000D+00        ****
  0.5995D+03     0.0000D+00     0.0000D+00        ****
  0.7743D+03     0.0000D+00     0.0000D+00        ****
  0.1000D+04     0.0000D+00     0.0000D+00        ****
  0.1292D+04     0.0000D+00     0.0000D+00        ****
  0.1668D+04     0.0000D+00     0.0000D+00        ****
  0.2154D+04     0.0000D+00     0.0000D+00        ****
  0.2783D+04     0.0000D+00     0.0000D+00        ****
  0.3594D+04     0.0000D+00     0.0000D+00        ****
  0.4642D+04     0.0000D+00     0.0000D+00        ****
  0.5995D+04     0.0000D+00     0.0000D+00        ****
  0.7743D+04     0.0000D+00     0.0000D+00        ****
  0.1000D+05     0.0000D+00     0.0000D+00        ****
  0.1292D+05     0.0000D+00     0.0000D+00        ****
  0.1668D+05     0.0000D+00     0.0000D+00        ****
  0.2154D+05     0.0000D+00     0.0000D+00        ****
  0.2783D+05     0.0000D+00     0.0000D+00        ****
  0.3594D+05     0.0000D+00     0.0000D+00        ****
  0.4642D+05     0.0000D+00     0.0000D+00        ****
  0.5995D+05     0.0000D+00     0.0000D+00        ****
  0.7743D+05     0.0000D+00     0.0000D+00        ****
  0.1000D+06     0.0000D+00     0.0000D+00        ****
  0.1292D+06     0.0000D+00     0.0000D+00        ****
  0.1668D+06     0.0000D+00     0.0000D+00        ****
  0.2154D+06     0.0000D+00     0.0000D+00        ****
  0.2783D+06     0.0000D+00     0.0000D+00        ****
  0.3594D+06     0.0000D+00     0.0000D+00        ****
  0.4642D+06     0.0000D+00     0.0000D+00        ****
  0.5995D+06     0.0000D+00     0.0000D+00        ****
  0.7743D+06     0.0000D+00     0.0000D+00        ****
  0.1000D+07     0.0000D+00     0.0000D+00        ****
  0.1292D+07     0.0000D+00     0.0000D+00        ****
  0.1668D+07     0.0000D+00     0.0000D+00        ****
  0.2154D+07     0.0000D+00     0.1034D-05        ****
  0.2783D+07     0.0000D+00     0.6943D-05        ****
  0.3594D+07     0.0000D+00     0.3605D-04        ****
  0.4642D+07     0.0000D+00     0.1443D-03        ****
  0.5995D+07     0.0000D+00     0.4566D-03        ****
  0.7743D+07     0.0000D+00     0.1181D-02        ****
  0.1000D+08     0.0000D+00     0.2585D-02        ****
  0.1292D+08     0.0000D+00     0.4940D-02        ****
  0.1668D+08     0.0000D+00     0.8464D-02        ****
  0.2154D+08     0.0000D+00     0.1328D-01        ****
  0.2783D+08     0.0000D+00     0.1943D-01        ****
  0.3594D+08     0.0000D+00     0.2684D-01        ****
  0.4642D+08     0.0000D+00     0.3542D-01        ****
  0.5995D+08     0.0000D+00     0.4503D-01        ****
  0.7743D+08     0.0000D+00     0.5551D-01        ****
  0.1000D+09     0.0000D+00     0.6673D-01        ****
  0.1292D+09     0.0000D+00     0.7855D-01        ****
  0.1668D+09     0.0000D+00     0.9087D-01        ****
  0.2154D+09     0.0000D+00     0.1036D+00        ****
  0.2783D+09     0.0000D+00     0.1166D+00        ****
  0.3594D+09     0.0000D+00     0.1299D+00        ****
  0.4642D+09     0.0000D+00     0.1433D+00        ****
  0.5995D+09     0.0000D+00     0.1569D+00        ****
  0.7743D+09     0.0000D+00     0.1707D+00        ****
  0.1000D+10     0.0000D+00     0.1845D+00        ****
